Run Parameters: 
pivot-iteration = true 
minimum-number-of-aligned-molecules = 2 
match-list-type = one-to-one 
debug-level = 2 
helix-min-size = 5 
basis-max-midPoint-distance = 40 
congruent-bases-max-angle-difference = 0.3 
ranking = absolute 
alignment-type = atom 
max-rmsd = 6.0 
congruent-bases-max-midPoint-distance = 1.5 
sse-margin = 0 
cluster-bin-size = 3.5 
max-num-of-best-pairwise-matches = 1 
strand-min-size = 2 
congruent-bases-max-line-distance = 1.5 
extension-num-of-refinements = 2 
extension-max-atom-distance = 3.0 
min-percentage-of-matched-atoms = 0.02 
cluster-max-dist = 3.5 
sse-file-type = DSSP 
max-num-of-solutions = 10 

2 molecules were loaded: 
best_xxx.pdb	 (100 residues, 4 SSEs) 
test_3b0d9.pdb	 (100 residues, 4 SSEs) 

The average molecule size is 100
The average number of SSEs is 4

Best Multiple Matches: 
+--------------+-----------+ 
| num. of mol. | core size | 
+--------------+-----------+ 
|            2 |        68 | 
+---------------+-----------+ 
 
Summary of Multiple Matches: 
+-- ------------+--------------+-----------+-----------+ 
| alignment no. | num. of mol. | core size | avg. RMSD | 
+--- -----------+--------------+-----------+-----------+ 
|             1 |            2 |        68 |       1.5 | 
|             2 |            2 |        66 |       1.5 | 
+---------------+--------------+-----------+-----------+ 
 
 
Multiple Matches: 

Alignment No. 1:
*** Num of molecules = 2 
*** Size = 68 
*** Average RMSD = 1.5 
*** Molecules: best_xxx.pdb test_3b0d9.pdb 
*** Transformations:
test_3b0d9.pdb: 2.486112 0.462247 2.840237 0.728979 3.460096 5.830246
*** Match List:
 best_xxx.pdb,test_3b0d9.pdb,
A.S.  6      ,A.D. 57      ,
A.V.  7      ,A.L. 58      ,
A.S.  8      ,A.A. 60      ,
A.G.  9      ,A.I. 59      ,
A.P. 11      ,A.S.  8      ,
A.I. 13      ,A.I. 13      ,
A.G. 14      ,A.G. 14      ,
A.Q. 15      ,A.Q. 15      ,
A.N. 16      ,A.N. 16      ,
A.R. 17      ,A.R. 17      ,
A.E. 18 (H 0),A.E. 18 (H 0),
A.L. 19 (H 0),A.L. 19 (H 0),
A.K. 20 (H 0),A.K. 20 (H 0),
A.K. 21 (H 0),A.K. 21 (H 0),
A.I. 22 (H 0),A.I. 22 (H 0),
A.I. 23 (H 0),A.I. 23 (H 0),
A.E. 24 (H 0),A.E. 24 (H 0),
A.G. 25 (H 0),A.G. 25 (H 0),
A.Y. 26 (H 0),A.Y. 26 (H 0),
A.W. 27 (H 0),A.W. 27 (H 0),
A.K. 28      ,A.K. 28      ,
A.G. 29      ,A.G. 29      ,
A.A. 30      ,A.A. 30      ,
A.N. 31      ,A.N. 31      ,
A.D. 32      ,A.D. 32      ,
A.L. 33 (H 1),A.L. 33 (H 1),
A.A. 34 (H 1),A.A. 34 (H 1),
A.A. 35 (H 1),A.A. 35 (H 1),
A.V. 36 (H 1),A.V. 36 (H 1),
A.K. 37 (H 1),A.K. 37 (H 1),
A.A. 38 (H 1),A.A. 38 (H 1),
A.T. 39 (H 1),A.T. 39 (H 1),
A.A. 40 (H 1),A.A. 40 (H 1),
A.A. 41 (H 1),A.A. 41 (H 1),
A.E. 42 (H 1),A.E. 42 (H 1),
A.L. 43 (H 1),A.L. 43 (H 1),
A.R. 44 (H 1),A.R. 44 (H 1),
A.A. 45 (H 1),A.A. 45 (H 1),
A.K. 46 (H 1),A.K. 46 (H 1),
A.H. 47 (H 1),A.H. 47 (H 1),
A.W. 48 (H 1),A.W. 48 (H 1),
A.R. 49 (H 1),A.R. 49 (H 1),
A.L. 50 (H 1),A.L. 50 (H 1),
A.Q. 51 (H 1),A.Q. 51 (H 1),
A.Q. 52 (H 1),A.Q. 52 (H 1),
A.A. 53 (H 1),A.A. 53 (H 1),
A.A. 54      ,A.A. 54      ,
A.G. 55      ,A.G. 55      ,
A.I. 56      ,A.I. 56      ,
A.Y. 66      ,A.M. 99 (H 4),
A.Q. 69 (H 2),A.D. 68 (H 2),
A.M. 70 (H 2),A.L. 71 (H 2),
A.D. 72 (H 2),A.D. 72 (H 2),
A.T. 73 (H 2),A.T. 73 (H 2),
A.A. 74 (H 2),A.I. 75 (H 2),
A.L. 76 (H 2),A.L. 76 (H 2),
A.L. 77      ,A.L. 77      ,
A.N. 78      ,A.N. 78      ,
A.V. 79      ,A.I. 80      ,
A.P. 81      ,A.Q. 85      ,
A.R. 83      ,A.A. 88      ,
A.Y. 84      ,A.F. 89      ,
A.Q. 85      ,A.D. 90      ,
A.F. 89      ,A.D. 91      ,
A.Q. 92 (H 4),A.D. 94 (H 4),
A.E. 93 (H 4),A.T. 95 (H 4),
A.T. 95 (H 4),A.Q. 92 (H 4),
A.L. 96 (H 4),A.L. 96 (H 4),
End of Match List 

Alignment No. 2:
*** Num of molecules = 2 
*** Size = 66 
*** Average RMSD = 1.5 
*** Molecules: test_3b0d9.pdb best_xxx.pdb 
*** Transformations:
best_xxx.pdb: 2.364499 -0.155723 2.631372 -2.676058 -6.057283 1.886719
*** Match List:
test_3b0d9.pdb, best_xxx.pdb,
A.S.  8      ,A.P. 11      ,
A.R. 12      ,A.I. 13      ,
A.I. 13      ,A.G. 14      ,
A.G. 14      ,A.Q. 15      ,
A.N. 16      ,A.N. 16      ,
A.R. 17      ,A.R. 17      ,
A.E. 18 (H 0),A.E. 18 (H 0),
A.L. 19 (H 0),A.L. 19 (H 0),
A.K. 20 (H 0),A.K. 20 (H 0),
A.K. 21 (H 0),A.K. 21 (H 0),
A.I. 22 (H 0),A.I. 22 (H 0),
A.I. 23 (H 0),A.I. 23 (H 0),
A.E. 24 (H 0),A.E. 24 (H 0),
A.G. 25 (H 0),A.G. 25 (H 0),
A.Y. 26 (H 0),A.Y. 26 (H 0),
A.W. 27 (H 0),A.W. 27 (H 0),
A.K. 28      ,A.K. 28      ,
A.G. 29      ,A.G. 29      ,
A.A. 30      ,A.A. 30      ,
A.N. 31      ,A.N. 31      ,
A.D. 32      ,A.D. 32      ,
A.L. 33 (H 1),A.L. 33 (H 1),
A.A. 34 (H 1),A.A. 34 (H 1),
A.A. 35 (H 1),A.A. 35 (H 1),
A.V. 36 (H 1),A.V. 36 (H 1),
A.K. 37 (H 1),A.K. 37 (H 1),
A.A. 38 (H 1),A.A. 38 (H 1),
A.T. 39 (H 1),A.T. 39 (H 1),
A.A. 40 (H 1),A.A. 40 (H 1),
A.A. 41 (H 1),A.A. 41 (H 1),
A.E. 42 (H 1),A.E. 42 (H 1),
A.L. 43 (H 1),A.L. 43 (H 1),
A.R. 44 (H 1),A.R. 44 (H 1),
A.A. 45 (H 1),A.A. 45 (H 1),
A.K. 46 (H 1),A.K. 46 (H 1),
A.H. 47 (H 1),A.H. 47 (H 1),
A.W. 48 (H 1),A.W. 48 (H 1),
A.R. 49 (H 1),A.R. 49 (H 1),
A.L. 50 (H 1),A.L. 50 (H 1),
A.Q. 51 (H 1),A.Q. 51 (H 1),
A.Q. 52 (H 1),A.Q. 52 (H 1),
A.A. 53 (H 1),A.A. 53 (H 1),
A.A. 54      ,A.A. 54      ,
A.G. 55      ,A.I. 56      ,
A.D. 57      ,A.L. 58      ,
A.L. 58      ,A.V.  7      ,
A.I. 59      ,A.G.  9      ,
A.A. 60      ,A.S.  8      ,
A.D. 68 (H 2),A.Q. 69 (H 2),
A.L. 71 (H 2),A.M. 70 (H 2),
A.D. 72 (H 2),A.D. 72 (H 2),
A.T. 73 (H 2),A.T. 73 (H 2),
A.A. 74 (H 2),A.A. 74 (H 2),
A.I. 75 (H 2),A.I. 75 (H 2),
A.L. 76 (H 2),A.L. 76 (H 2),
A.L. 77      ,A.L. 77      ,
A.N. 78      ,A.N. 78      ,
A.V. 79      ,A.V. 79      ,
A.Q. 85      ,A.P. 81      ,
A.A. 88      ,A.Y. 84      ,
A.D. 91      ,A.F. 89      ,
A.Q. 92 (H 4),A.T. 95 (H 4),
A.D. 94 (H 4),A.Q. 92 (H 4),
A.T. 95 (H 4),A.D. 94 (H 4),
A.L. 96 (H 4),A.L. 96 (H 4),
A.M. 99 (H 4),A.Y. 66      ,
End of Match List 

Overall running time:  0: 0: 0.   
